<?xml version="1.0" encoding="UTF-8"?>
<!-- Generated by org.testng.reporters.JUnitReportReporter -->
<testsuite skipped="0" hostname="Admin-PC" name="com.qa.DataDriven.Tests.WebTableHandle" tests="1" failures="0" timestamp="22 Jul 2019 16:58:50 GMT" time="41.085" errors="0">
  <testcase name="webTable" time="41.085" classname="com.qa.DataDriven.Tests.WebTableHandle"/>
</testsuite> <!-- com.qa.DataDriven.Tests.WebTableHandle -->
