<?xml version="1.0" encoding="UTF-8"?>
<!-- Generated by org.testng.reporters.JUnitReportReporter -->
<testsuite skipped="0" hostname="Admin-PC" name="com.qa.ParameterXml.Test.ParametersXmlTest" tests="1" failures="0" timestamp="20 Jul 2019 07:58:33 GMT" time="9.523" errors="0">
  <testcase name="loginUsingParameters" time="9.523" classname="com.qa.ParameterXml.Test.ParametersXmlTest"/>
</testsuite> <!-- com.qa.ParameterXml.Test.ParametersXmlTest -->
