<?xml version="1.0" encoding="UTF-8"?>
<!-- Generated by org.testng.reporters.JUnitReportReporter -->
<testsuite skipped="0" hostname="Admin-PC" name="com.qa.DataDriven.Tests.DataProviderTest" tests="4" failures="0" timestamp="19 Jul 2019 19:41:56 GMT" time="43.867" errors="0">
  <testcase name="dataProviderTest" time="10.181" classname="com.qa.DataDriven.Tests.DataProviderTest"/>
  <testcase name="dataProviderTest" time="12.678" classname="com.qa.DataDriven.Tests.DataProviderTest"/>
  <testcase name="dataProviderTest" time="10.571" classname="com.qa.DataDriven.Tests.DataProviderTest"/>
  <testcase name="dataProviderTest" time="10.437" classname="com.qa.DataDriven.Tests.DataProviderTest"/>
</testsuite> <!-- com.qa.DataDriven.Tests.DataProviderTest -->
