<?xml version="1.0" encoding="UTF-8"?>
<!-- Generated by org.testng.reporters.JUnitReportReporter -->
<testsuite skipped="0" hostname="Admin-PC" name="com.qa.DataDriven.Tests.ParameterizeTest" tests="1" failures="0" timestamp="16 Jul 2019 16:44:30 GMT" time="41.043" errors="0">
  <testcase name="fillRegistrationPageData" time="41.043" classname="com.qa.DataDriven.Tests.ParameterizeTest"/>
</testsuite> <!-- com.qa.DataDriven.Tests.ParameterizeTest -->
