<?xml version="1.0" encoding="UTF-8"?>
<!-- Generated by org.testng.reporters.JUnitReportReporter -->
<testsuite skipped="0" hostname="Admin-PC" name="com.qa.DataDriven.Tests.DataDrivenTest" tests="1" failures="0" timestamp="15 Jul 2019 17:14:59 GMT" time="23.279" errors="0">
  <testcase name="fillRegistrationPageData" time="23.279" classname="com.qa.DataDriven.Tests.DataDrivenTest"/>
</testsuite> <!-- com.qa.DataDriven.Tests.DataDrivenTest -->
