<?xml version="1.0" encoding="UTF-8"?>
<!-- Generated by org.testng.reporters.JUnitReportReporter -->
<testsuite skipped="0" hostname="Admin-PC" name="com.qa.DataDriven.Tests.ParameterizeTest" tests="1" failures="0" timestamp="15 Jul 2019 17:34:02 GMT" time="20.893" errors="0">
  <testcase name="fillRegistrationPageData" time="20.893" classname="com.qa.DataDriven.Tests.ParameterizeTest"/>
</testsuite> <!-- com.qa.DataDriven.Tests.ParameterizeTest -->
